loss,6,75,0.9757512211799622
win,19,54,8.638248443603516
win,18,87,7.886206150054932
loss,8,89,0.6765795946121216
win,9,63,3.9123592376708984
win,14,88,6.0168538093566895
loss,9,52,1.0771541595458984
loss,14,96,0.6639404296875
loss,6,71,0.786320686340332
loss,10,70,0.9805936217308044
loss,9,58,0.938545286655426
loss,6,71,0.9454189538955688
win,16,99,7.075223922729492
win,13,83,5.721829414367676
win,14,63,5.442172527313232
win,11,63,5.3103251457214355
win,11,38,4.793721675872803
win,18,39,8.69958209991455
win,12,16,4.729506969451904
loss,9,58,0.22177398204803467
win,10,68,4.916243553161621
draw,-100,100,0.45848530530929565
win,14,61,5.552059173583984
win,13,66,5.545196533203125
win,13,38,5.305112361907959
win,10,54,5.181560039520264
win,15,64,8.190422058105469
loss,7,50,0.6695860028266907
win,17,61,8.612870216369629
loss,10,80,0.6528538465499878
loss,13,98,0.6104702353477478
loss,11,46,0.6437642574310303
win,17,86,8.548372268676758
loss,5,66,1.3824059963226318
win,15,81,6.548261642456055
win,16,61,6.452049255371094
win,13,73,5.720475196838379
loss,9,89,0.7988326549530029
win,17,61,8.461603164672852
win,15,63,5.883559703826904
win,12,58,6.964460372924805
draw,-100,100,0.6230072379112244
win,15,46,6.5318284034729
win,6,26,3.32800030708313
draw,-100,100,0.3489042818546295
win,8,55,4.204347610473633
win,16,63,5.900137901306152
win,15,86,6.172729015350342
loss,10,50,1.0447224378585815
win,15,83,6.295126914978027
win,13,77,6.210065841674805
win,13,53,6.815678119659424
draw,-100,100,0.8460915684700012
draw,-100,100,0.5226075649261475
win,15,65,8.096943855285645
win,8,48,3.1336731910705566
win,13,79,5.2927727699279785
win,20,48,10.271339416503906
win,16,85,6.580519199371338
win,18,46,7.762115001678467
loss,3,42,0.7249748706817627
loss,6,59,1.0980238914489746
win,16,67,8.761551856994629
loss,9,48,0.732320249080658
draw,-100,100,0.37665846943855286
win,18,67,9.886289596557617
win,15,75,7.202105522155762
loss,12,68,0.6600945591926575
win,9,36,3.243238925933838
win,14,89,6.452144622802734
win,14,60,6.828641891479492
loss,9,99,0.7812160849571228
loss,5,57,0.5477142333984375
win,24,58,13.497812271118164
win,12,48,5.03404426574707
win,12,48,5.8168535232543945
win,22,46,12.3021240234375
loss,10,52,0.8731083869934082
win,16,59,7.172525405883789
loss,9,60,0.4975253939628601
win,22,74,10.640059471130371
win,13,41,5.166409969329834
win,14,19,8.118102073669434
loss,7,98,0.7405880093574524
draw,-100,100,1.005944013595581
loss,6,32,0.7710438966751099
win,15,97,5.366425037384033
loss,12,78,0.9845165610313416
win,13,53,5.446542739868164
win,12,50,5.868129253387451
loss,10,95,0.9782277345657349
win,15,97,7.473432540893555
win,20,64,10.818506240844727
draw,-100,100,0.3575494587421417
loss,8,74,0.597493052482605
loss,9,49,0.39120665192604065
win,18,64,8.551589965820312
win,16,97,6.8312602043151855
win,21,85,10.69350814819336
win,16,47,6.897914409637451
loss,13,92,0.7029475569725037
win,15,54,6.465134620666504
loss,7,46,0.708873987197876
win,12,41,5.806734085083008
loss,5,38,0.9936906695365906
win,20,71,10.851304054260254
win,14,55,6.7730865478515625
win,17,57,7.257406234741211
loss,12,95,0.18458588421344757
win,16,44,7.240492820739746
win,14,62,5.3239827156066895
win,14,50,5.86592435836792
win,22,82,13.518303871154785
win,12,69,4.391511917114258
win,15,46,7.703214168548584
draw,-100,100,0.7088707685470581
win,15,41,6.311407089233398
win,15,66,8.2761812210083
win,12,40,5.1014604568481445
loss,8,42,1.086978793144226
loss,4,40,0.46181946992874146
win,13,74,5.1503520011901855
win,16,55,6.7741007804870605
loss,8,77,1.076627254486084
win,6,30,5.502251625061035
loss,11,37,0.837274968624115
draw,-100,100,0.7098334431648254
win,13,55,5.944079875946045
loss,7,66,1.1099038124084473
win,13,39,6.918105602264404
win,16,51,8.046271324157715
win,17,49,7.358554363250732
loss,7,57,0.6522307991981506
win,19,51,8.46334457397461
win,16,59,8.18420124053955
win,9,34,3.6069886684417725
win,20,50,8.950732231140137
win,20,82,10.372553825378418
win,15,62,6.13710355758667
win,14,50,5.616189956665039
win,9,38,3.89621901512146
win,18,36,7.759366512298584
win,19,62,7.896701335906982
win,17,55,7.222930431365967
win,16,64,7.1078667640686035
win,15,95,5.861504077911377
win,12,53,5.822493553161621
loss,4,53,0.2826557755470276
win,15,78,7.3033342361450195
win,14,38,7.809731960296631
loss,10,60,0.48818328976631165
win,12,69,4.537959098815918
loss,14,65,0.37763258814811707
win,16,83,6.581933498382568
win,25,52,11.865777015686035
win,12,49,4.735308647155762
win,15,48,7.341033935546875
loss,3,62,0.3859427273273468
win,11,47,4.376049995422363
win,9,31,5.825834274291992
win,13,94,5.9279985427856445
win,17,64,7.148495197296143
loss,5,31,0.6180934309959412
loss,9,43,0.6798226833343506
win,13,46,6.453758239746094
loss,12,86,0.5120326280593872
win,13,51,5.244764804840088
win,11,59,4.603246688842773
win,16,78,6.619219779968262
win,10,47,3.906848430633545
win,14,54,10.094096183776855
loss,11,59,0.4756351113319397
win,15,42,6.322896957397461
win,22,72,10.191624641418457
win,10,73,6.208967685699463
loss,8,54,0.3798389732837677
win,14,42,5.534520626068115
win,13,39,5.111678600311279
loss,9,66,1.119597315788269
win,11,39,4.217408180236816
win,17,59,8.485311508178711
win,17,73,7.403064727783203
win,12,41,6.159111499786377
win,12,44,5.282671928405762
loss,7,64,0.49244794249534607
draw,-100,100,0.2683088183403015
loss,12,71,0.4993043839931488
win,16,52,7.057979583740234
loss,6,36,0.3117332458496094
win,11,73,5.746041297912598
win,16,37,6.523881435394287
loss,5,60,0.35387495160102844
loss,12,90,0.5441033244132996
win,13,59,6.959339618682861
win,19,80,10.50102424621582
win,15,73,7.12662935256958
draw,-100,100,1.0609947443008423
loss,12,61,0.7514417767524719
win,14,44,9.248225212097168
win,20,86,8.991552352905273
win,17,62,8.379768371582031
loss,11,75,1.0174707174301147
win,5,32,2.1200578212738037
win,14,60,8.436132431030273
win,17,84,8.741127014160156
win,16,72,6.122476100921631
win,9,39,3.739560604095459
win,15,49,7.578170299530029
win,17,84,9.139354705810547
loss,12,49,1.220709204673767
win,11,85,4.297017574310303
win,16,57,7.400440692901611
win,10,73,3.7107200622558594
win,10,39,6.050150394439697
win,16,35,8.680465698242188
win,15,76,9.122309684753418
loss,4,46,0.10760831087827682
win,17,93,8.982770919799805
win,24,73,15.202280044555664
win,21,75,12.278996467590332
win,12,53,6.293499946594238
loss,7,46,1.198703408241272
draw,-100,100,0.9474493265151978
win,14,51,7.740414619445801
loss,6,46,0.3164995312690735
loss,9,79,0.7367638945579529
win,19,81,12.056105613708496
loss,9,48,0.5365967154502869
win,15,82,7.440647602081299
win,16,77,6.5470499992370605
win,10,71,4.20021390914917
win,17,64,7.897538661956787
win,16,57,9.707084655761719
win,15,57,8.512055397033691
win,11,35,5.649139881134033
win,17,60,8.321925163269043
win,13,84,5.94771671295166
win,14,44,7.779050350189209
win,12,48,6.400010585784912
win,6,19,2.7682297229766846
win,12,59,6.372884273529053
draw,-100,100,1.1729828119277954
draw,-100,100,0.4484749734401703
win,10,21,4.3141770362854
loss,6,49,1.115980625152588
win,17,60,6.812372207641602
win,14,29,5.485055446624756
win,23,72,10.72723388671875
win,16,72,9.159683227539062
win,11,54,4.13590669631958
win,13,66,7.262964248657227
win,14,56,7.530912399291992
win,14,75,5.937929153442383
win,11,75,4.1420416831970215
loss,13,72,0.9799754023551941
win,13,28,7.8145751953125
win,19,54,8.888439178466797
win,19,71,7.702020168304443
loss,7,42,0.3974965214729309
win,16,48,6.920347213745117
win,15,42,7.618226528167725
win,9,43,3.4801878929138184
win,14,24,5.771429538726807
win,11,65,5.830151081085205
win,18,74,9.8008394241333
win,13,36,4.896453380584717
win,13,24,5.347835063934326
win,10,52,5.051397323608398
win,14,50,5.658416748046875
win,13,64,6.170287609100342
win,15,60,8.52475643157959
win,24,59,11.67178726196289
win,19,99,10.513480186462402
win,15,63,7.757340908050537
win,11,53,4.115997791290283
draw,-100,100,0.7632474899291992
loss,6,54,0.658280074596405
win,15,33,6.010722637176514
draw,-100,100,0.9166189432144165
win,16,65,9.664365768432617
win,15,30,10.615756034851074
win,20,58,10.828174591064453
win,14,74,7.63070821762085
loss,3,30,0.4708619713783264
win,23,62,11.305676460266113
win,15,49,10.218579292297363
loss,8,69,0.5551785826683044
win,14,55,8.194234848022461
win,14,84,7.314753532409668
draw,-100,100,0.5779533982276917
win,17,80,10.422205924987793
loss,10,74,0.09938924014568329
win,21,99,9.681438446044922
loss,12,86,0.3952271342277527
win,17,27,7.2481513023376465
draw,-100,100,0.29313185811042786
loss,13,65,0.38326042890548706
win,15,47,7.487992763519287
win,19,52,10.652649879455566
loss,11,82,0.6447779536247253
win,27,83,13.015140533447266
win,13,62,4.992652416229248
win,8,53,4.479000568389893
loss,10,86,0.5385659337043762
win,15,89,8.592905044555664
win,16,62,9.155810356140137
win,12,44,4.908454418182373
win,16,75,6.594333171844482
draw,-100,100,0.44598478078842163
loss,9,58,0.518778383731842
win,13,65,5.285403251647949
win,11,51,6.225595474243164
win,11,28,4.424135208129883
win,16,65,8.887323379516602
win,13,71,7.682859420776367
win,15,31,6.055427074432373
loss,14,54,0.3067985475063324
win,20,30,9.298269271850586
win,15,66,9.108939170837402
win,14,70,5.423667907714844
win,16,77,8.966707229614258
win,14,55,7.604004383087158
win,12,62,6.932804107666016
win,10,44,3.763122081756592
loss,6,39,0.8696044087409973
loss,9,60,0.4922066926956177
win,15,56,6.287032127380371
win,13,52,5.23712682723999
win,22,63,10.078559875488281
win,15,46,6.19692325592041
win,14,39,5.57308292388916
win,17,50,7.167175769805908
win,18,54,10.684149742126465
win,16,61,7.013147830963135
win,16,34,9.447900772094727
win,19,98,8.031004905700684
win,20,73,10.979354858398438
loss,10,34,1.0762531757354736
win,17,46,8.8548002243042
win,7,26,4.318778991699219
win,18,71,7.812814235687256
loss,12,62,0.35259485244750977
win,17,71,8.633526802062988
win,14,72,5.4881439208984375
loss,7,95,0.3512088656425476
win,14,51,5.599391937255859
loss,4,31,1.063275933265686
win,11,42,5.487135410308838
win,13,58,8.453790664672852
win,20,73,12.852818489074707
win,9,51,5.344933032989502
loss,6,37,0.14683565497398376
loss,9,59,0.5873335599899292
win,18,69,8.875677108764648
win,19,94,12.24924087524414
win,14,46,5.655606269836426
loss,11,52,0.8902448415756226
win,14,42,7.149535179138184
loss,8,58,0.38933065533638
loss,13,86,0.6435849070549011
win,17,64,7.3578104972839355
win,19,97,8.291643142700195
loss,14,55,1.0131728649139404
win,15,37,8.881720542907715
win,10,26,7.004475116729736
win,14,44,5.50010871887207
loss,9,80,0.3273929953575134
loss,11,56,0.30245018005371094
loss,11,52,0.9947250485420227
win,16,71,6.674943447113037
win,18,49,8.686811447143555
loss,11,67,0.24854594469070435
win,11,58,6.887411117553711
win,17,90,9.003692626953125
loss,14,77,0.5210239291191101
win,16,47,10.039450645446777
win,12,47,7.946088790893555
win,15,68,8.25097942352295
win,8,37,3.255849838256836
win,12,49,4.720738887786865
win,23,94,13.35936450958252
draw,-100,100,1.1286641359329224
win,14,88,5.976254940032959
win,12,53,4.829148769378662
win,14,63,7.257008075714111
win,14,53,5.7753801345825195
win,16,68,6.685398578643799
loss,9,58,1.0355101823806763
loss,8,73,1.2136805057525635
win,13,39,6.356260299682617
loss,11,98,0.22315163910388947
loss,15,66,0.4210715591907501
loss,10,64,0.8959313035011292
win,17,56,10.347204208374023
win,13,63,6.390887260437012
loss,9,95,0.48297685384750366
loss,5,28,0.37123236060142517
loss,8,73,1.0742037296295166
win,15,57,6.022546768188477
win,20,74,11.240715980529785
loss,6,64,0.34801945090293884
win,13,38,7.121805667877197
win,12,45,4.584874629974365
loss,13,53,0.3460719883441925
win,15,62,8.249284744262695
loss,9,57,0.4214521646499634
win,16,62,9.019160270690918
win,12,66,5.67430305480957
loss,12,60,0.47570863366127014
win,14,53,8.100035667419434
loss,14,52,0.8961154818534851
draw,-100,100,0.6173104047775269
win,14,31,7.114276885986328
win,18,57,10.377370834350586
loss,9,55,0.6157791018486023
win,10,46,5.853956699371338
win,9,36,3.6823959350585938
win,16,45,6.398199081420898
loss,10,42,0.6215899586677551
win,22,87,13.332267761230469
win,15,77,7.05334997177124
win,18,63,7.788867473602295
win,7,33,3.5510151386260986
loss,5,30,0.43384891748428345
win,13,59,5.0900373458862305
win,15,24,6.400113105773926
win,9,37,3.4970271587371826
win,14,57,5.650699615478516
loss,11,69,0.28363341093063354
loss,7,65,0.7269248962402344
loss,6,63,0.588962197303772
win,10,48,4.0650858879089355
win,19,85,10.456583023071289
win,12,23,4.701502799987793
loss,9,44,0.18385504186153412
loss,3,66,0.9956653714179993
win,13,47,9.112119674682617
draw,-100,100,0.5754920244216919
win,13,51,6.9278693199157715
win,17,94,10.270329475402832
win,15,77,7.425081253051758
loss,11,56,0.25767847895622253
loss,11,70,1.1005001068115234
win,19,69,11.037187576293945
loss,10,29,0.24569624662399292
draw,-100,100,0.7206189036369324
loss,12,51,0.36975356936454773
win,14,49,5.688626289367676
win,19,71,10.25605583190918
win,14,81,9.785547256469727
win,13,47,6.137176990509033
win,16,82,6.7023024559021
win,23,97,12.636552810668945
draw,-100,100,1.1971936225891113
loss,1,27,0.824227511882782
loss,10,86,0.62661212682724
loss,3,49,0.9716216921806335
win,18,93,9.912601470947266
loss,12,85,0.596306562423706
loss,7,65,0.4159131944179535
loss,13,67,0.5039405822753906
win,19,78,10.524847030639648
loss,5,72,0.23971661925315857
win,15,75,8.725761413574219
loss,10,56,0.5197526812553406
win,14,45,6.929198741912842
win,13,38,6.5839996337890625
win,15,51,6.268067359924316
win,17,59,7.275667667388916
win,6,21,2.5685501098632812
win,13,39,5.228256702423096
win,19,53,11.709639549255371
loss,10,31,0.7556490302085876
win,14,43,6.13633918762207
loss,12,66,0.6944459080696106
loss,12,83,0.4067806899547577
loss,10,88,1.0201799869537354
win,17,59,8.047890663146973
win,9,32,6.3773088455200195
win,12,51,4.89475154876709
win,13,67,5.37976598739624
draw,-100,100,0.3086104691028595
loss,5,34,0.5654551982879639
win,17,79,10.707646369934082
loss,8,48,0.9813488125801086
loss,8,37,0.36557865142822266
win,14,56,8.089289665222168
win,11,55,5.3221893310546875
win,8,61,5.117516040802002
win,15,83,6.177164554595947
loss,10,45,0.23332367837429047
loss,8,50,0.6213443875312805
loss,11,79,1.111928939819336
win,13,79,5.9273576736450195
win,17,41,7.124924659729004
loss,10,88,0.34562352299690247
win,16,66,9.749926567077637
win,20,80,8.044194221496582
win,17,53,9.096216201782227
win,17,76,8.7905912399292
draw,-100,100,0.5262177586555481
win,17,53,9.875186920166016
loss,10,82,0.3920091986656189
win,20,62,8.781696319580078
win,13,61,4.652549743652344
win,11,47,4.44640588760376
win,15,43,7.597684860229492
loss,11,88,1.1341869831085205
win,15,79,7.036369323730469
draw,-100,100,0.548762321472168
loss,10,58,1.0331840515136719
win,17,81,7.011928081512451
loss,10,88,0.40993666648864746
win,14,69,7.302648544311523
win,15,52,9.662320137023926
win,13,26,5.673462867736816
loss,5,25,0.6702643632888794
win,20,91,11.424469947814941
win,12,52,4.898889064788818
win,14,86,7.158404350280762
win,12,76,7.5186872482299805
win,9,38,5.437431335449219
win,16,64,6.826744556427002
draw,-100,100,1.0166945457458496
win,13,59,5.0863447189331055
loss,6,52,0.5294709205627441
loss,8,79,0.9748176336288452
loss,10,54,0.6468515992164612
loss,6,26,0.17444859445095062
loss,0,29,0.6082716584205627
win,20,58,10.396857261657715
win,18,93,7.46634578704834
loss,9,64,0.3988628089427948
loss,12,80,0.22365766763687134
win,13,88,5.449443340301514
loss,7,60,0.30290487408638
loss,4,43,0.5285434126853943
win,14,56,7.93722677230835
loss,10,56,0.968220055103302
win,11,62,4.117208003997803
loss,6,72,1.143675684928894
loss,9,42,0.4611903131008148
win,16,36,6.628905296325684
win,18,70,9.384869575500488
win,10,62,5.250542163848877
loss,8,60,0.1505787968635559
win,13,56,6.791023254394531
win,13,48,5.335075378417969
loss,13,97,1.1468323469161987
win,13,33,5.2932891845703125
win,17,60,9.44204330444336
win,13,46,6.055408477783203
win,13,57,5.775289535522461
loss,14,84,0.2254357635974884
win,15,67,9.563136100769043
loss,10,32,1.0962402820587158
loss,11,75,0.2541387677192688
win,15,63,8.018186569213867
win,16,34,8.508480072021484
win,20,50,10.92628288269043
win,11,59,4.634566783905029
win,21,41,9.313045501708984
win,16,79,6.584550380706787
loss,10,44,0.5026558041572571
win,12,58,4.627406120300293
win,10,24,3.9944348335266113
win,18,65,12.222718238830566
win,14,50,5.90033483505249
win,13,85,7.373701572418213
win,15,69,6.147891044616699
loss,12,68,0.942158579826355
win,15,92,10.079075813293457
win,16,48,9.649070739746094
win,10,39,3.8095884323120117
win,16,58,9.010424613952637
draw,-100,100,0.5775124430656433
win,19,58,9.41574478149414
win,20,44,9.25311279296875
win,17,40,7.1262359619140625
loss,13,70,1.0313605070114136
win,14,23,5.811423301696777
win,11,53,8.045879364013672
win,23,73,14.330649375915527
draw,-100,100,0.3941751718521118
win,7,66,2.961867094039917
win,17,64,7.392379283905029
win,12,38,4.552177906036377
win,17,76,8.93909740447998
win,15,71,8.661334991455078
win,19,36,8.194855690002441
loss,9,63,0.636748194694519
loss,7,31,0.9522072076797485
loss,10,83,0.2947232127189636
win,11,54,7.215976238250732
loss,9,60,0.4732506275177002
loss,7,73,0.4256027638912201
loss,13,87,0.44103315472602844
loss,6,70,0.1380317658185959
win,19,74,11.036626815795898
win,11,52,7.325146198272705
loss,9,78,0.974091112613678
loss,7,73,0.7760611176490784
win,15,85,7.105649948120117
win,18,53,11.559196472167969
loss,13,67,0.9386581182479858
win,20,52,12.47683334350586
win,19,61,11.396590232849121
win,15,78,6.769469738006592
win,13,66,8.260028839111328
loss,12,93,0.5894322991371155
win,13,54,8.006365776062012
win,13,64,5.513034820556641
loss,9,65,0.48160043358802795
win,14,98,8.70930290222168
loss,7,48,0.9411408305168152
win,15,73,5.852466106414795
win,7,37,4.649740219116211
loss,5,29,0.9378567337989807
loss,8,65,0.828621506690979
loss,8,95,0.3873608112335205
win,12,67,4.6455302238464355
loss,9,70,0.9458510279655457
loss,3,31,0.7378082275390625
win,14,66,7.455539226531982
win,15,60,6.432199478149414
win,14,23,5.802219390869141
loss,0,32,0.3137267827987671
win,11,58,4.342010974884033
draw,-100,100,0.3773733675479889
win,9,39,5.709898948669434
win,16,43,8.485495567321777
loss,13,51,0.9075500965118408
win,18,30,11.531688690185547
win,14,50,5.996187686920166
win,13,36,5.604735851287842
win,17,52,9.833516120910645
win,10,30,6.1560869216918945
loss,10,76,0.5310677886009216
win,14,71,8.46516227722168
win,6,25,3.8829219341278076
win,12,65,7.9350104331970215
loss,5,46,0.4802176356315613
win,12,50,4.722419738769531
loss,9,70,0.3037344813346863
win,12,52,4.61443567276001
win,18,68,7.813938140869141
loss,11,35,0.130303293466568
loss,9,72,0.224457249045372
loss,9,59,0.4138275980949402
win,15,25,6.460444450378418
win,9,31,4.56096076965332
loss,7,56,0.34788408875465393
loss,11,82,1.0269325971603394
win,14,53,7.532331943511963
win,19,49,8.231112480163574
loss,4,66,0.13578075170516968
loss,8,48,0.5902498960494995
win,20,63,11.809683799743652
win,16,53,6.651366233825684
loss,9,50,1.0930147171020508
win,20,65,11.945984840393066
loss,9,38,1.0069528818130493
loss,8,44,0.5650947093963623
win,14,49,6.200684070587158
win,11,82,4.0955729484558105
win,12,58,6.863674640655518
win,17,60,10.003665924072266
win,19,61,8.496213912963867
win,17,25,7.114482879638672
loss,5,35,1.0481882095336914
win,14,61,5.674441814422607
loss,7,69,0.5085065960884094
loss,10,60,0.4899887144565582
win,19,77,8.396782875061035
win,15,78,9.101469993591309
loss,6,63,1.125558853149414
win,12,43,7.2037129402160645
loss,12,69,1.0785120725631714
win,13,74,8.077743530273438
win,11,90,5.412727355957031
win,21,48,9.756759643554688
win,13,78,8.109246253967285
win,18,48,12.676095008850098
loss,5,84,0.3796174228191376
win,15,27,8.654289245605469
win,12,50,4.870239734649658
loss,9,52,0.329926460981369
win,20,64,12.754456520080566
loss,10,59,0.36394166946411133
win,13,82,6.8411030769348145
win,15,66,5.976701259613037
win,13,67,7.167161464691162
draw,-100,100,0.5336080193519592
loss,8,71,1.0701473951339722
win,12,31,5.142503261566162
loss,10,45,0.5718716382980347
draw,-100,100,1.175934076309204
win,8,39,4.028251647949219
win,9,30,6.947434902191162
win,11,33,6.44582986831665
loss,8,43,0.40817856788635254
win,7,40,2.8181257247924805
loss,12,82,0.38192594051361084
win,14,53,6.677000045776367
win,13,40,7.108830451965332
draw,-100,100,0.5713595151901245
loss,10,80,0.4139361083507538
win,8,26,5.417564392089844
loss,10,67,1.1538609266281128
loss,11,59,0.13297361135482788
win,16,39,6.371265411376953
win,12,46,7.410682678222656
loss,5,40,0.9648282527923584
win,19,53,12.67636489868164
win,14,74,8.504868507385254
win,15,42,6.1014723777771
loss,7,71,0.9940109848976135
loss,9,91,1.1305792331695557
win,15,68,9.762177467346191
win,17,62,8.929662704467773
win,20,86,11.26970100402832
win,11,40,4.276800632476807
win,13,68,7.888535022735596
loss,9,50,0.4567931592464447
win,10,63,3.792912244796753
loss,14,69,0.36220014095306396
win,15,59,8.46246337890625
win,15,58,9.660279273986816
win,19,55,10.365854263305664
loss,15,78,0.6539667248725891
win,12,62,6.331542491912842
win,15,35,5.814596176147461
win,19,54,8.092918395996094
win,11,41,7.1103105545043945
win,13,59,6.418433666229248
win,15,60,6.599359035491943
loss,9,85,0.5344030261039734
win,10,44,5.548498153686523
loss,7,44,0.9250361323356628
loss,8,83,1.0611110925674438
loss,11,73,0.3828904926776886
win,22,65,10.345459938049316
loss,9,78,0.1904139220714569
loss,4,32,0.5075696706771851
win,8,43,3.0641658306121826
loss,2,65,0.9774975776672363
loss,10,74,1.0906039476394653
win,15,53,8.624910354614258
win,10,75,3.789721965789795
loss,10,51,0.4621809124946594
loss,5,62,1.0970996618270874
win,15,31,7.283269882202148
win,15,41,10.581762313842773
win,18,85,8.980816841125488
win,19,45,10.961705207824707
draw,-100,100,1.0651769638061523
loss,4,54,1.0309348106384277
win,16,68,7.111188888549805
loss,10,89,0.22047075629234314
win,13,38,9.783007621765137
draw,-100,100,1.1416118144989014
win,12,57,7.273839950561523
win,11,60,6.177819728851318
win,15,27,9.133336067199707
win,17,61,7.261918067932129
win,13,27,5.289003849029541
loss,9,41,0.9623530507087708
loss,4,72,0.6525556445121765
win,16,39,6.662444114685059
loss,5,68,0.6770123839378357
win,17,59,7.387819290161133
win,9,16,4.122140884399414
loss,8,76,0.6788367033004761
win,15,31,5.532718181610107
win,11,56,4.331796646118164
win,16,28,7.056277275085449
win,16,69,8.064382553100586
win,16,45,7.0166449546813965
win,10,39,3.7304365634918213
win,17,55,7.126608848571777
win,19,64,8.411946296691895
win,18,87,11.213751792907715
loss,11,61,0.5224071145057678
win,15,92,7.698837757110596
win,24,91,15.134438514709473
win,19,74,8.380147933959961
win,17,62,7.208320617675781
win,17,54,12.156841278076172
win,6,27,4.292278289794922
win,22,84,10.412928581237793
win,25,84,15.296424865722656
win,19,79,10.519022941589355
win,21,48,9.506683349609375
win,16,57,6.559207439422607
loss,8,42,0.54026198387146
loss,11,36,0.46280378103256226
win,12,48,4.826907634735107
win,17,67,9.911623001098633
win,9,35,3.5137057304382324
win,13,77,9.224074363708496
loss,6,40,0.8929378986358643
win,8,32,3.15554141998291
win,11,49,6.118861675262451
win,11,67,4.23435640335083
loss,11,43,1.1004422903060913
loss,8,41,0.2917402982711792
win,10,38,4.389867305755615
loss,8,51,1.0952175855636597
draw,-100,100,0.3657454550266266
win,16,61,8.688092231750488
win,13,38,4.749472618103027
win,13,42,5.249263763427734
win,18,37,11.11734390258789
loss,9,41,1.0325613021850586
win,23,99,13.926730155944824
loss,9,35,1.0435526371002197
loss,11,72,1.6056960821151733
win,13,50,8.07897663116455
win,15,54,7.787954330444336
loss,9,45,0.5176753401756287
loss,9,49,0.5540778040885925
win,10,73,3.8131542205810547
win,10,61,5.767588138580322
win,15,33,6.1135077476501465
win,10,47,3.843358278274536
win,15,44,9.427515983581543
win,18,76,7.610835552215576
win,18,50,10.530529022216797
loss,10,80,1.0992194414138794
win,17,34,6.389214038848877
win,16,69,9.277103424072266
win,13,40,8.41834545135498
loss,10,86,0.2867814898490906
win,14,79,8.121962547302246
win,23,75,12.785714149475098
win,17,53,8.892399787902832
win,14,32,7.592486381530762
loss,9,85,0.3048434257507324
win,13,38,7.295963764190674
loss,7,60,0.5645644068717957
win,15,54,7.294198036193848
loss,9,53,0.4731613099575043
win,29,54,17.018552780151367
win,12,77,4.425088882446289
win,22,69,12.286675453186035
win,14,28,5.9375505447387695
loss,6,45,0.3614940941333771
loss,9,65,1.0817914009094238
win,21,52,13.665993690490723
loss,12,74,0.3282078504562378
win,13,43,5.168515682220459
win,27,80,17.892118453979492
win,10,58,3.7920830249786377
loss,7,97,1.0092614889144897
win,14,52,8.54531192779541
win,11,44,7.842126846313477
win,12,47,7.149930477142334
win,13,53,6.403425216674805
loss,6,58,1.0614542961120605
win,10,46,6.618884563446045
win,14,52,5.899708271026611
win,12,58,5.280124187469482
win,14,72,5.691205024719238
win,12,39,7.149475574493408
win,16,53,6.527801036834717
win,18,51,7.708249092102051
win,21,66,9.575471878051758
win,22,87,10.085774421691895
win,15,77,11.11854076385498
win,21,60,11.660479545593262
win,21,53,12.39482307434082
win,5,35,2.1027462482452393
win,12,46,6.518616199493408
win,13,95,4.986655235290527
draw,-100,100,0.6150693893432617
win,23,70,13.613387107849121
win,11,30,4.474226474761963
win,19,71,8.382789611816406
win,11,54,8.026577949523926
win,18,85,7.818862438201904
win,16,47,6.799221992492676
win,18,95,9.917902946472168
win,9,38,3.6375412940979004
win,21,31,9.4900484085083
win,18,44,10.104175567626953
win,12,51,4.6872992515563965
win,17,41,9.944007873535156
draw,-100,100,0.4254316985607147
win,11,66,6.799841403961182
win,19,74,10.242084503173828
win,17,65,8.141807556152344
win,18,48,7.41270112991333
win,21,78,10.681218147277832
loss,9,48,0.1497582197189331
win,17,83,7.03512716293335
win,18,80,11.354532241821289
win,12,49,7.28562593460083
win,12,39,5.802404403686523
win,16,60,6.699976921081543
win,19,47,8.22725772857666
loss,12,52,0.207311749458313
win,16,45,6.581967830657959
win,14,35,5.560689449310303
loss,8,40,0.1056479886174202
win,20,79,12.59030818939209
win,16,71,6.558823108673096
win,15,69,5.88582706451416
win,22,76,9.933938980102539
win,10,25,3.8363587856292725
loss,11,81,0.376181960105896
loss,6,49,0.7109712958335876
loss,7,72,0.2193775177001953
win,15,75,5.97418737411499
win,16,82,6.43025016784668
loss,7,39,1.130429744720459
win,10,33,3.8862111568450928
win,18,68,7.630457878112793
win,12,57,8.103632926940918
win,16,41,9.744250297546387
win,13,45,5.053886413574219
win,12,55,7.494507789611816
win,19,87,8.159850120544434
win,7,25,2.773099899291992
win,18,55,7.607065677642822
win,15,31,6.078358173370361
win,15,58,6.0735344886779785
win,12,63,4.699864387512207
draw,-100,100,0.32287493348121643
win,17,48,7.107078552246094
win,14,37,8.63001823425293
win,11,23,4.265648365020752
win,21,46,12.047908782958984
win,19,61,8.053994178771973
win,15,50,6.934686183929443
loss,12,69,1.1168516874313354
win,18,64,8.546551704406738
win,16,50,7.824420928955078
loss,10,58,0.06707680225372314
win,13,92,7.108956336975098
win,20,44,9.531267166137695
win,13,68,5.0622663497924805
win,14,68,8.826469421386719
win,11,66,4.137449741363525
loss,4,55,0.18614555895328522
loss,12,66,0.44781747460365295
win,16,66,7.941586494445801
win,16,87,6.623396396636963
win,18,70,7.56635856628418
loss,3,34,0.8539977073669434
win,11,46,4.254447937011719
win,12,48,7.109163761138916
win,20,68,10.636977195739746
loss,9,47,0.2973250448703766
loss,8,27,1.057071566581726
win,20,33,8.569278717041016
win,13,45,6.265990257263184
win,12,71,4.590456962585449
win,20,30,12.20153522491455
loss,9,41,0.3786720633506775
win,13,67,7.486672401428223
win,14,39,8.34785270690918
loss,10,36,0.3457566797733307
loss,9,58,0.3152758479118347
win,12,39,7.967320442199707
win,21,51,9.432092666625977
win,15,28,6.050950527191162
win,18,43,9.102971076965332
loss,10,74,1.135059118270874
win,24,87,12.676957130432129
draw,-100,100,0.1295817345380783
win,8,26,3.0989294052124023
win,10,35,7.178247928619385
draw,-100,100,0.26122376322746277
win,15,57,8.191436767578125
win,17,81,7.114756107330322
win,15,46,6.066430568695068
win,15,83,5.277793884277344
loss,12,66,1.0361478328704834
loss,7,68,0.9739087224006653
loss,7,61,1.115545392036438
win,22,98,15.995838165283203
win,15,32,11.457764625549316
loss,1,56,0.26961761713027954
win,9,49,3.4854516983032227
loss,8,91,0.9878893494606018
win,12,85,4.767453670501709
win,20,66,13.44914722442627
win,22,59,9.9002046585083
loss,5,44,0.5936909317970276
loss,9,52,1.1027332544326782
win,11,53,4.257562637329102
win,12,39,4.664993762969971
draw,-100,100,0.18285149335861206
win,14,59,7.058104991912842
win,13,42,5.218473434448242
loss,6,63,1.3349286317825317
win,8,63,5.872613906860352
loss,7,71,0.6152241230010986
win,16,51,9.054518699645996
win,21,52,12.248299598693848
win,12,58,5.063635349273682
win,18,49,8.109456062316895
win,15,69,5.91447639465332
win,13,39,5.431303024291992
loss,3,22,0.36050131916999817
win,14,74,8.49930191040039
loss,7,68,1.0942531824111938
win,12,86,6.639801502227783
win,14,60,9.310904502868652
win,14,63,5.62516450881958
win,15,57,6.3101420402526855
win,15,33,8.380682945251465
win,9,43,3.6386497020721436
win,17,59,7.042562007904053
win,22,45,9.959946632385254
loss,7,39,0.6178861856460571
draw,-100,100,0.3427651524543762
win,13,48,5.204267978668213
win,20,65,8.632336616516113
win,11,85,5.4796319007873535
win,15,95,10.04570484161377
loss,12,53,0.11427661776542664
win,17,75,7.0516510009765625
loss,8,50,1.0174230337142944
loss,6,69,0.0266684889793396
win,13,54,5.381282329559326
win,13,100,6.821104049682617
loss,13,81,1.0537947416305542
win,10,26,3.8886048793792725
loss,5,56,1.0825835466384888
loss,10,58,1.0532969236373901
win,12,27,4.771724700927734
win,15,80,8.272933959960938
loss,7,70,1.0980318784713745
win,15,50,11.3936767578125
win,12,63,5.266223430633545
win,19,66,8.070839881896973
win,17,46,10.527044296264648
loss,12,98,0.245766744017601
loss,6,45,0.9846009016036987
win,12,35,4.715943336486816
win,6,26,3.8814899921417236
win,14,47,5.512375354766846
loss,7,66,0.9554277658462524
loss,6,85,0.12440613657236099
loss,3,65,0.005168850999325514
win,21,40,9.704532623291016
win,12,65,6.002218723297119
win,18,71,7.6621575355529785
win,14,62,5.545107841491699
win,15,46,6.107212543487549
win,14,45,5.532912254333496
draw,-100,100,0.599189281463623
win,10,36,3.891167640686035
win,13,79,6.570489406585693
win,13,42,5.146296977996826
win,18,96,7.437248229980469
win,11,37,7.171189785003662
win,14,33,9.111562728881836
loss,8,61,0.935247540473938
win,14,58,5.585901737213135
win,19,63,10.691986083984375
win,13,57,6.821266174316406
loss,10,69,1.1512541770935059
win,13,41,5.28179407119751
win,12,46,6.109986782073975
loss,9,40,0.9973162412643433
loss,3,46,0.9713786840438843
win,13,85,4.752233982086182
win,14,57,5.574922561645508
win,15,41,6.12373161315918
win,12,43,4.653174877166748
win,13,61,8.473356246948242
win,12,67,4.652945518493652
loss,13,78,1.0124577283859253
loss,11,74,0.26014596223831177
win,12,41,4.699524879455566
loss,13,61,1.1890183687210083
win,16,80,9.710381507873535
win,7,45,4.960428237915039
loss,12,58,0.27907246351242065
win,12,26,4.674691200256348
win,17,79,9.971765518188477
win,17,89,7.119184494018555
win,16,50,9.371932983398438
loss,5,30,0.9937765002250671
win,14,31,5.506755828857422
win,13,29,5.138103008270264
win,23,59,17.89154815673828
loss,8,55,0.9322984218597412
win,15,43,6.039583683013916
loss,11,39,0.47348839044570923
win,10,31,7.1698899269104
win,12,26,6.4759674072265625
win,10,42,7.838292121887207
win,16,52,9.585333824157715
win,12,43,4.632386684417725
win,13,65,5.0588860511779785
win,19,75,10.3375825881958
win,19,60,8.208259582519531
draw,-100,100,0.44542211294174194
loss,1,56,0.650335967540741
loss,7,34,0.9959562420845032
win,14,43,9.09028434753418
loss,9,43,0.7538802623748779
win,19,49,9.699280738830566
loss,6,54,0.6606098413467407
win,3,13,1.6172974109649658
win,10,59,6.524803161621094
win,15,48,10.086782455444336
loss,11,43,1.079613208770752
win,15,74,5.93337869644165
win,7,28,6.408943176269531
win,11,33,4.347320556640625
win,22,52,10.416943550109863
win,20,37,8.840660095214844
win,14,49,5.526747226715088
win,19,64,8.057188987731934
win,16,51,9.006034851074219
win,18,56,10.740394592285156
win,13,35,7.736680507659912
win,12,93,6.406472206115723
win,13,56,7.386651515960693
win,15,57,6.013218879699707
loss,10,75,0.5778725147247314
win,11,57,6.063908100128174
loss,9,52,1.0639818906784058
win,11,57,4.279811859130859
loss,3,52,0.3491690158843994
win,17,66,7.273006916046143
win,10,33,3.901747703552246
win,15,85,7.706125736236572
win,11,72,6.718051433563232
win,15,38,6.0934953689575195
win,8,39,3.262938976287842
win,15,44,6.082258224487305
win,18,92,9.67513656616211
loss,11,58,1.0007051229476929
win,14,92,5.406164169311523
win,29,70,15.144619941711426
loss,11,87,0.4620194137096405
win,12,51,6.67048454284668
win,18,69,10.771334648132324
win,14,64,5.507452964782715
win,13,60,7.819637298583984
loss,5,63,1.1079517602920532
loss,8,25,0.5168486833572388
win,8,43,3.103767156600952
win,15,81,8.441794395446777
win,9,46,6.0003485679626465
win,12,69,4.643400192260742
win,12,33,6.460704803466797
win,8,55,6.092771530151367
win,18,66,8.089886665344238
win,23,49,10.876638412475586
win,18,97,7.43092155456543
win,16,71,9.594265937805176
win,14,45,8.239680290222168
win,13,47,5.30930233001709
win,15,34,6.239598751068115
loss,8,39,0.8810885548591614
win,15,47,6.2062458992004395
loss,5,67,0.470895916223526
win,16,48,8.988914489746094
win,16,35,6.624883651733398
loss,6,73,0.4798140823841095
win,12,39,4.742873668670654
win,16,41,9.277430534362793
win,15,61,8.624483108520508
win,10,55,5.533074855804443
win,17,58,9.227520942687988
loss,8,48,0.1405736207962036
win,18,49,11.506354331970215
win,15,36,6.188301086425781
win,10,38,3.8329105377197266
win,11,42,4.297616481781006
win,15,79,8.182137489318848
win,17,61,9.832231521606445
win,9,37,3.4530837535858154
loss,6,33,1.0666515827178955
loss,10,70,1.1241174936294556
win,8,37,3.133615255355835
win,20,42,14.756946563720703
draw,-100,100,1.14939284324646
win,10,33,5.744209289550781
win,7,23,2.632707118988037
win,16,54,10.613932609558105
win,15,59,6.203412055969238
loss,11,79,0.13031920790672302
win,13,41,9.070137023925781
loss,7,31,1.0948525667190552
loss,9,35,0.6755062937736511
win,14,41,5.5673322677612305
win,16,48,6.760601997375488
loss,8,46,1.0950493812561035
win,18,90,7.635165214538574
win,19,64,8.227019309997559
loss,11,73,1.0962647199630737
win,9,46,4.671219348907471
win,16,68,9.9005126953125
win,18,62,9.815776824951172
win,21,57,10.50322151184082
win,19,46,8.314573287963867
draw,-100,100,0.3851546347141266
win,19,51,8.318660736083984
win,21,49,9.429179191589355
win,16,63,9.491212844848633
loss,5,61,0.07995109260082245
win,15,63,5.913730621337891
win,15,58,5.9448957443237305
loss,0,35,0.7598172426223755
win,13,80,5.026895999908447
loss,9,44,1.0669761896133423
loss,15,88,0.3951303958892822
loss,8,84,0.2941268980503082
win,12,70,6.7495198249816895
loss,9,74,0.40902379155158997
win,13,33,5.199716567993164
win,14,94,5.022100925445557
win,20,46,11.925814628601074
win,18,77,10.470693588256836
draw,-100,100,1.1288870573043823
win,14,71,8.644248008728027
win,23,85,15.80751895904541
win,16,53,6.613139629364014
win,15,19,5.990850448608398
win,12,67,6.827981472015381
win,15,69,7.8355584144592285
loss,8,65,1.1532841920852661
win,24,56,14.408586502075195
win,18,82,10.096137046813965
loss,5,52,1.0285720825195312
win,15,41,6.024194240570068
win,14,47,8.011507034301758
win,17,53,6.80332088470459
win,7,16,2.7512223720550537
win,14,63,7.725407123565674
win,12,56,7.538333892822266
win,15,59,7.696770191192627
loss,10,46,1.106385588645935
win,12,61,4.602392673492432
loss,9,66,1.0372557640075684
win,10,46,3.861405611038208
win,19,59,8.228621482849121
win,21,67,9.278550148010254
loss,7,58,1.0642049312591553
win,14,48,9.64262580871582
win,21,42,12.824207305908203
win,17,60,7.170498847961426
win,16,81,6.485816955566406
win,17,39,11.635870933532715
win,16,53,11.432817459106445
loss,8,79,0.03807460144162178
win,9,38,5.379641056060791
loss,10,73,0.26487264037132263
loss,8,54,1.097460389137268
win,15,58,9.199655532836914
loss,12,44,0.40572574734687805
loss,12,71,0.9772329926490784
win,16,59,5.2666401863098145
win,12,44,6.804965019226074
win,9,34,3.506417751312256
win,11,58,6.369575500488281
win,11,57,4.392120361328125
win,11,41,4.307179927825928
loss,7,60,0.9683194160461426
win,13,47,7.733416557312012
win,14,54,6.330289840698242
win,17,60,7.080177307128906
win,12,27,4.814659118652344
win,22,47,14.864233016967773
win,12,68,4.705467700958252
win,16,58,6.544553756713867
win,15,44,8.0920991897583
win,13,46,7.8482465744018555
win,15,43,8.496477127075195
win,17,50,12.048723220825195
loss,8,36,0.9859987497329712
loss,8,55,0.11795447021722794
win,22,66,9.374017715454102
win,14,58,5.859694004058838
win,22,45,14.434093475341797
win,19,63,8.123278617858887
draw,-100,100,1.156599760055542
win,18,82,8.050034523010254
win,20,49,8.739866256713867
win,22,88,13.197094917297363
win,15,44,6.547891616821289
win,10,35,6.656071186065674
win,12,79,4.56374454498291
win,20,94,12.33436107635498
win,15,54,5.9914631843566895
win,10,50,3.838191509246826
win,12,98,6.841110706329346
win,11,80,7.674021244049072
win,20,55,9.673955917358398
win,13,59,5.370635509490967
win,12,89,6.433611869812012
win,17,45,9.161614418029785
win,14,67,8.728540420532227
win,15,51,6.029260635375977
win,17,83,9.36927604675293
win,18,92,11.587510108947754
loss,13,48,0.3087928891181946
win,15,69,8.233022689819336
win,9,51,6.252326965332031
win,8,28,3.3262641429901123
win,21,44,8.98740005493164
win,12,55,9.042412757873535
win,15,75,8.258376121520996
win,27,87,15.38732624053955
win,11,63,6.998663425445557
win,15,57,6.120266437530518
win,15,49,6.219054698944092
draw,-100,100,0.23365984857082367
win,18,76,7.706824779510498
win,16,50,6.738554954528809
win,13,25,5.075314044952393
win,19,43,11.980672836303711
win,13,65,5.114338397979736
win,14,62,5.5028252601623535
loss,8,62,1.1058615446090698
loss,4,67,0.4103451073169708
loss,6,34,0.5654757022857666
loss,6,31,1.0331214666366577
win,5,28,3.300612688064575
loss,10,54,1.0084596872329712
win,15,60,7.776771068572998
win,15,37,6.146694660186768
win,12,57,5.9904255867004395
win,17,41,7.320043087005615
win,15,93,7.299444198608398
loss,7,48,0.8733056783676147
win,8,47,3.069277048110962
loss,5,48,0.6055687665939331
win,16,66,10.056047439575195
win,14,69,6.759806156158447
win,11,33,4.945594787597656
win,15,51,6.067136287689209
loss,13,60,1.1257935762405396
win,18,57,8.053742408752441
win,16,72,6.512511730194092
loss,12,68,1.1025159358978271
win,13,59,5.085180282592773
win,12,31,6.704977989196777
win,14,64,6.898555755615234
win,14,49,6.2958269119262695
win,11,26,4.235332012176514
win,16,95,6.396721363067627
win,13,69,6.333118915557861
win,14,35,9.414510726928711
win,15,59,7.179549694061279
win,18,63,7.751312732696533
win,14,99,7.868552207946777
win,15,37,7.30806303024292
loss,6,33,0.32644155621528625
win,12,49,9.133155822753906
loss,8,59,1.1005996465682983
loss,11,64,0.4649393558502197
win,13,38,5.098686218261719
win,14,58,5.532106876373291
win,10,60,3.936056613922119
loss,9,68,1.0789110660552979
win,9,57,3.427222490310669
loss,10,85,1.167586088180542
win,12,70,6.6517157554626465
win,10,43,5.007497787475586
win,14,40,5.521862983703613
win,15,88,5.818612098693848
win,20,62,12.304129600524902
loss,11,51,0.255755752325058
loss,3,74,0.35279086232185364
win,12,64,7.740952014923096
loss,9,62,0.9726007580757141
win,16,55,6.475486755371094
win,18,93,7.346817970275879
win,17,47,7.055102825164795
win,13,48,5.207752704620361
win,16,71,6.535471439361572
loss,7,72,1.5314321517944336
win,20,59,12.357114791870117
win,17,30,6.855096340179443
win,15,71,9.056840896606445
win,15,34,6.112345218658447
loss,7,56,0.23307780921459198
draw,-100,100,0.37145426869392395
win,16,63,6.506844997406006
win,13,48,5.432868003845215
loss,9,75,1.0890414714813232
win,17,43,7.590623378753662
win,6,42,2.423229455947876
win,12,54,4.712830066680908
win,16,54,10.221114158630371
win,13,37,5.313870429992676
win,14,43,5.7961745262146
win,12,70,6.454526424407959
loss,8,44,0.3670479953289032
win,19,51,7.7440619468688965
win,21,77,13.223932266235352
win,12,91,6.636032581329346
win,15,38,9.471078872680664
win,8,33,3.0727741718292236
win,12,62,4.646259307861328
win,16,50,6.812060832977295
loss,11,91,1.1075454950332642
win,17,37,7.171706676483154
loss,10,38,1.051812767982483
loss,10,79,0.3111213445663452
win,15,51,6.083546161651611
loss,4,55,0.12132275849580765
win,10,32,5.841673851013184
loss,7,54,0.26893752813339233
win,15,35,9.684479713439941
win,20,55,9.165647506713867
win,16,52,8.952886581420898
loss,9,40,0.1572003960609436
win,9,71,3.70236873626709
loss,10,43,0.19949504733085632
win,20,70,8.77207088470459
win,16,26,6.591311454772949
win,13,25,5.1250739097595215
win,16,83,9.554356575012207
win,15,70,10.066569328308105
win,17,58,9.33743953704834
win,12,48,7.176769733428955
win,11,59,6.7479753494262695
win,9,38,3.474660634994507
win,8,50,3.126587390899658
win,13,52,5.115581035614014
win,6,44,3.9400603771209717
win,14,30,5.563589572906494
win,14,52,5.557797431945801
win,12,78,4.572447776794434
win,15,55,6.126720905303955
win,12,20,4.689117431640625
win,12,49,4.7249884605407715
win,12,64,7.354163646697998
win,17,50,7.10741662979126
win,10,24,5.6750969886779785
win,14,87,5.429217338562012
win,8,30,5.062628746032715
win,22,69,12.459733009338379
win,15,54,7.763646602630615
loss,11,44,0.45929399132728577
win,14,58,7.890815734863281
win,14,67,6.385683059692383
loss,9,48,1.0876729488372803
win,12,46,6.220328330993652
win,13,46,8.115812301635742
win,13,55,6.838773727416992
win,14,84,7.539165019989014
loss,8,82,1.1087300777435303
win,13,68,8.483715057373047
win,16,31,8.934460639953613
loss,9,39,1.0913341045379639
win,15,87,9.141491889953613
win,13,55,7.55635404586792
win,23,71,13.624558448791504
win,16,83,6.375866413116455
win,12,41,4.638087272644043
loss,8,71,0.9306449294090271
win,18,53,9.049352645874023
win,16,77,9.822455406188965
draw,-100,100,1.1280112266540527
win,16,63,8.55526065826416
win,11,34,4.361297607421875
win,10,54,3.8128111362457275
win,16,47,6.613325119018555
win,14,22,5.540140151977539
loss,2,64,1.0839672088623047
win,15,78,6.825738906860352
loss,11,78,1.0335397720336914
win,17,72,10.399724960327148
loss,11,75,0.8357845544815063
win,10,31,4.3900861740112305
draw,-100,100,1.1773399114608765
loss,5,58,1.0555301904678345
win,18,70,10.750883102416992
loss,11,61,0.42024102807044983
win,13,32,7.34458589553833
win,14,69,5.894169807434082
win,19,89,10.379616737365723
loss,9,53,0.3944162130355835
win,18,70,10.213022232055664
win,21,73,12.230059623718262
loss,7,67,0.4120679795742035
win,8,29,3.1510658264160156
loss,8,57,0.9445756673812866
win,14,73,8.319536209106445
win,21,52,9.682892799377441
win,18,41,12.024161338806152
win,10,57,3.797839403152466
win,23,44,10.56225872039795
win,11,57,6.301180839538574
loss,4,53,0.5418758988380432
loss,6,60,0.7794127464294434
loss,7,52,0.5007699728012085
win,20,69,8.810328483581543
win,13,74,6.221006393432617
win,11,55,4.271244049072266
win,18,48,7.593279838562012
loss,3,47,1.0703421831130981
loss,12,43,0.6769161224365234
win,18,53,8.062668800354004
win,21,64,9.274456024169922
win,11,61,6.611164569854736
loss,7,78,0.3739575147628784
win,14,38,7.8440656661987305
loss,6,41,1.0737110376358032
loss,12,78,0.38035011291503906
win,15,66,5.9941301345825195
win,14,67,5.588565349578857
win,14,44,8.093661308288574
win,11,33,4.313692092895508
win,14,85,5.526259899139404
loss,3,54,0.24189727008342743
win,18,52,11.276147842407227
loss,12,55,1.0944148302078247
win,10,47,3.8940868377685547
win,21,83,11.87637710571289
loss,7,55,0.2750483751296997
win,11,54,6.08112096786499
win,12,47,4.63989782333374
win,18,52,10.329875946044922
win,13,74,5.020792007446289
loss,7,43,0.5054130554199219
loss,10,57,1.0408200025558472
draw,-100,100,0.39582788944244385
win,13,63,10.342449188232422
loss,9,58,1.0640318393707275
loss,5,40,1.1008458137512207
win,11,35,4.1755452156066895
loss,8,48,0.576509952545166
win,16,60,6.510744094848633
win,13,50,5.265605926513672
loss,12,51,0.5111998915672302
loss,6,79,0.5285715460777283
win,12,39,4.706172943115234
loss,10,66,0.20337755978107452
win,11,52,4.500248432159424
draw,-100,100,0.634697675704956
win,18,32,7.582759857177734
win,13,67,5.1991705894470215
loss,14,64,0.34465083479881287
win,9,50,3.48569393157959
win,12,29,4.631714344024658
loss,6,28,1.0706360340118408
loss,7,90,0.06548378616571426
win,14,70,8.20368766784668
win,15,53,6.033333778381348
win,14,38,9.996936798095703
win,7,33,5.2147064208984375
win,15,68,6.207367420196533
win,18,66,7.509108066558838
win,19,36,8.204153060913086
loss,14,68,0.4624066650867462
win,17,86,7.102252960205078
win,20,87,11.10008430480957
win,19,50,11.676663398742676
win,21,59,13.345198631286621
win,14,43,7.118706226348877
loss,10,52,0.2009340226650238
win,15,66,5.862802028656006
win,20,63,11.787464141845703
loss,9,90,0.00999117735773325
win,19,41,8.353059768676758
win,11,59,4.580940246582031
win,18,71,11.647771835327148
loss,10,43,0.5329755544662476
win,14,67,8.877481460571289
loss,10,63,1.1052864789962769
win,16,60,6.48720121383667
loss,10,42,1.099860429763794
win,23,57,10.59327507019043
loss,9,55,0.31048446893692017
loss,9,81,0.649495542049408
win,11,23,6.5048322677612305
win,17,49,7.10066556930542
win,8,35,3.097421169281006
win,11,31,6.58197021484375
win,20,47,13.011452674865723
win,15,54,8.400174140930176
loss,12,69,0.3830493092536926
win,16,57,9.191363334655762
win,13,94,5.011804103851318
win,9,59,6.450002193450928
win,18,72,7.466576099395752
loss,9,70,0.5370657444000244
loss,10,64,0.6427769064903259
loss,13,71,0.16445378959178925
win,6,44,2.4131805896759033
loss,8,71,0.11800508201122284
win,13,53,6.117512226104736
loss,10,45,1.0489413738250732
win,15,67,11.673101425170898
loss,5,46,0.5570625066757202
win,21,53,11.771036148071289
win,15,67,6.055349826812744
win,10,56,5.739684581756592
win,20,51,8.921568870544434
win,15,63,11.756834983825684
win,17,66,7.01516580581665
win,13,43,7.0563645362854
win,9,30,3.515777111053467
win,19,84,7.917300701141357
win,21,81,9.291193962097168
loss,10,65,0.5577112436294556
loss,9,74,0.12759439647197723
loss,11,64,0.2534882724285126
win,14,48,5.570159912109375
win,9,54,5.785965442657471
win,11,75,4.137638568878174
win,10,38,6.7609405517578125
win,19,48,9.092731475830078
win,18,49,9.030165672302246
loss,7,31,1.0546725988388062
loss,11,57,1.0954962968826294
win,12,45,4.714151859283447
loss,5,85,0.466579407453537
win,18,67,7.701559543609619
win,16,76,10.409383773803711
win,14,62,8.741372108459473
win,17,53,8.17006778717041
win,14,77,7.727223873138428
win,16,52,6.519946575164795
loss,9,30,0.7179016470909119
win,13,59,5.044936180114746
win,11,44,7.535093784332275
win,20,35,11.245960235595703
win,14,84,7.9085373878479
win,16,56,6.83253288269043
win,12,45,4.520249843597412
loss,7,33,0.7268950343132019
win,14,55,5.6276044845581055
win,15,81,5.858639240264893
win,18,70,7.5824174880981445
win,14,48,7.226260185241699
win,14,51,5.575786113739014
win,19,33,8.269315719604492
win,13,40,5.091886043548584
loss,8,55,0.3514225482940674
win,11,57,4.208806037902832
loss,10,48,0.00418401462957263
loss,5,41,1.0869061946868896
loss,10,96,1.1891860961914062
loss,12,64,0.3624435365200043
win,17,49,7.138620376586914
win,14,77,7.241954326629639
win,19,50,8.127054214477539
win,26,73,15.25544548034668
win,12,58,4.750281810760498
win,13,66,8.044854164123535
win,10,56,5.151635646820068
loss,9,47,0.49408432841300964
win,9,44,3.465627908706665
win,22,88,9.762072563171387
loss,12,65,1.098353624343872
win,21,59,9.392278671264648
win,17,70,6.943371772766113
win,18,76,13.475421905517578
draw,-100,100,0.09151609987020493
draw,-100,100,0.337408185005188
loss,9,59,0.1165822446346283
win,7,24,5.173649311065674
loss,12,62,1.083815097808838
win,19,56,10.883890151977539
win,19,74,8.08389949798584
loss,7,51,0.42985445261001587
win,11,47,4.302355766296387
loss,6,93,1.1835397481918335
loss,10,59,0.5990166664123535
win,11,40,6.010422229766846
win,9,38,6.607119083404541
win,17,42,10.380170822143555
win,12,50,7.190769195556641
win,23,44,10.699481010437012
loss,11,48,0.5321245193481445
loss,11,77,0.36033928394317627
loss,9,94,0.47824588418006897
win,8,46,4.552649021148682
win,13,33,5.093917369842529
win,15,58,7.834218502044678
win,17,60,7.118961811065674
win,16,83,11.474563598632812
win,16,32,9.498908042907715
win,19,60,8.25931453704834
draw,-100,100,0.4056928753852844
loss,7,24,0.44309723377227783
loss,7,66,0.5700109601020813
win,15,43,8.63035774230957
win,16,77,6.546261787414551
win,8,31,3.6780261993408203
win,20,33,8.945521354675293
win,15,58,6.03072452545166
win,12,38,4.642668724060059
win,26,67,12.490641593933105
win,12,63,5.9940009117126465
win,20,94,10.72802448272705
loss,10,54,0.22604602575302124
loss,11,44,0.32841283082962036
win,22,91,14.848472595214844
win,11,21,4.218113422393799
win,14,59,5.666324138641357
loss,9,72,0.44175300002098083
win,9,46,5.602930068969727
loss,9,63,0.37662962079048157
loss,9,36,1.0495189428329468
win,13,53,5.12906551361084
win,9,27,3.396059989929199
loss,10,50,1.0286167860031128
win,9,33,3.447061538696289
win,16,45,7.8598313331604
win,19,59,8.109518051147461
loss,7,75,1.125849723815918
loss,14,83,0.28323617577552795
win,11,55,7.066676139831543
win,13,38,4.929836750030518
win,10,37,3.839287281036377
win,13,37,7.74607515335083
win,13,65,5.1685895919799805
loss,8,31,0.9723316431045532
win,11,66,4.151083469390869
loss,16,90,1.17091703414917
loss,6,66,0.37678468227386475
loss,6,64,0.18089134991168976
win,19,40,10.46839427947998
loss,8,53,0.540427029132843
win,13,41,4.868764400482178
win,9,38,3.43660831451416
win,15,73,5.893961429595947
win,15,52,9.188197135925293
loss,12,81,0.3185463845729828
loss,11,73,0.2913607358932495
win,20,68,11.312796592712402
win,14,59,7.575448036193848
win,9,42,3.3938801288604736
win,12,29,9.883902549743652
win,16,44,6.598603248596191
win,21,77,14.513897895812988
win,10,70,6.1446709632873535
win,17,56,6.817981243133545
win,17,77,7.020147800445557
win,17,69,7.008419513702393
win,10,42,5.408118724822998
win,12,47,7.405916690826416
loss,11,64,1.1274354457855225
win,19,73,9.608367919921875
loss,2,58,0.7265007495880127
win,17,57,12.988460540771484
loss,8,47,0.36486998200416565
win,12,50,4.776949882507324
loss,8,39,0.7203139066696167
win,13,66,6.2089667320251465
win,11,50,4.21902322769165
loss,11,93,1.1481906175613403
win,15,71,10.376167297363281
win,12,65,6.024407386779785
draw,-100,100,0.4513942301273346
win,18,50,9.487568855285645
win,9,24,6.826065540313721
loss,9,63,0.0492541678249836
win,16,38,8.007482528686523
loss,8,62,0.6272823810577393
draw,-100,100,0.5159919261932373
loss,9,99,0.3211718499660492
win,12,36,4.687834739685059
loss,12,53,0.2325935810804367
win,22,55,9.940278053283691
win,18,55,7.657387733459473
loss,6,34,0.0055810557678341866
win,15,60,6.1348981857299805
win,23,61,10.531737327575684
win,10,58,5.902531147003174
win,21,73,9.170516967773438
win,15,52,11.694891929626465
loss,12,58,1.0366944074630737
win,15,67,6.2850728034973145
win,18,98,9.787220001220703
win,16,67,6.524714469909668
win,19,46,10.430914878845215
win,11,72,5.021823406219482
win,9,56,5.585958003997803
win,8,60,3.038278579711914
loss,8,47,0.8375009298324585
win,15,64,6.172277927398682
loss,7,70,0.4514111280441284
win,20,49,12.012009620666504
win,13,35,8.119681358337402
win,17,69,8.0237398147583
win,18,94,7.3575310707092285
loss,14,64,0.5126898288726807
win,17,48,8.786620140075684
loss,5,51,0.6322680711746216
win,11,86,5.8697614669799805
loss,3,58,0.6230303645133972
win,14,82,5.242205619812012
loss,7,79,0.5751997232437134
loss,7,34,1.0824373960494995
win,12,29,4.659128189086914
loss,9,62,0.471296101808548
win,18,39,9.987979888916016
win,13,50,5.116616249084473
win,12,43,8.45506477355957
loss,5,61,0.2620397210121155
loss,6,26,1.0504837036132812
win,10,50,6.147681713104248
win,12,60,5.775129318237305
loss,9,81,0.3520267903804779
win,13,47,5.349856376647949
win,20,68,14.379660606384277
loss,13,65,1.8120875358581543
win,17,70,7.288250923156738
loss,9,74,0.3169967532157898
loss,8,59,1.106884241104126
win,17,87,13.049386024475098
loss,10,77,1.1074305772781372
win,15,57,7.006085395812988
win,12,47,4.739931106567383
loss,11,56,0.4502485990524292
win,15,54,6.035916328430176
loss,12,76,0.4525964856147766
win,9,35,3.6007370948791504
win,12,34,6.27545690536499
loss,8,27,0.978165864944458
win,16,41,8.719428062438965
win,14,31,5.532131671905518
loss,7,42,1.0691359043121338
win,13,63,7.5255126953125
win,18,53,7.789483547210693
loss,10,75,1.0945868492126465
win,15,58,8.987460136413574
win,14,75,5.42674446105957
win,10,52,3.854402780532837
win,14,83,8.830084800720215
win,16,60,6.524744987487793
win,14,77,5.449007987976074
win,22,41,14.855966567993164
win,14,62,10.180768966674805
win,20,63,10.723311424255371
win,16,83,6.588037967681885
win,13,76,5.025735855102539
loss,6,46,0.6876528859138489
win,13,73,6.742183208465576
win,16,29,9.61197280883789
win,18,66,7.7402472496032715
win,15,63,11.36007308959961
win,10,46,3.958544969558716
win,15,99,8.051128387451172
draw,-100,100,0.237539604306221
win,13,30,8.016922950744629
win,9,33,7.972818374633789
loss,9,50,1.0628880262374878
win,21,65,9.596553802490234
loss,10,89,1.124430537223816
loss,12,51,1.0722376108169556
win,10,40,6.139171123504639
win,20,49,8.704931259155273
win,18,70,9.9085054397583
win,11,42,9.055474281311035
win,17,58,8.927506446838379
win,15,18,6.017872333526611
win,18,64,9.862136840820312
win,16,39,6.655649185180664
win,15,43,6.130343914031982
loss,9,41,1.095218300819397
win,16,56,8.425398826599121
win,15,48,6.042520999908447
win,23,100,14.487383842468262
win,14,64,7.820436000823975
win,7,44,4.192008972167969
win,15,53,6.025137901306152
win,15,93,6.019665718078613
win,21,63,11.631024360656738
win,5,43,3.9782443046569824
win,21,77,11.9542818069458
win,15,47,7.517041206359863
win,12,63,5.918767929077148
win,14,51,10.361699104309082
win,13,47,7.647617340087891
loss,6,68,1.1017507314682007
win,26,96,19.530132293701172
loss,10,45,1.0704796314239502
win,13,55,6.733899116516113
win,18,63,7.911501407623291
win,14,49,9.51301383972168
win,20,58,8.793974876403809
win,9,35,5.673703670501709
win,11,37,4.2257184982299805
win,9,22,3.457984209060669
win,13,38,5.252858638763428
win,12,52,6.444601058959961
win,15,49,8.395988464355469
win,13,67,5.023880481719971
win,12,53,5.870922565460205
draw,-100,100,0.5499133467674255
win,17,63,7.14703893661499
win,12,44,4.791625499725342
loss,11,59,0.07742965221405029
loss,3,60,0.3578084707260132
loss,9,14,1.191379427909851
loss,11,67,1.1311619281768799
win,12,51,5.330324172973633
win,18,69,13.219914436340332
win,17,80,9.471977233886719
win,14,22,5.795395374298096
win,15,57,7.741020679473877
loss,13,47,0.36309555172920227
loss,10,62,1.0886963605880737
loss,3,57,0.32363763451576233
win,25,92,11.703875541687012
win,15,60,6.270401477813721
win,16,57,7.5801615715026855
loss,8,33,0.45290297269821167
win,17,71,7.423576831817627
win,11,39,6.539522647857666
win,12,70,4.546083450317383
loss,11,94,0.3375396430492401
loss,8,35,0.9171861410140991
win,19,79,10.272180557250977
win,13,48,5.0738444328308105
win,14,72,7.684730052947998
win,20,82,10.860221862792969
win,6,32,3.8104684352874756
loss,4,34,0.5465943813323975
loss,8,44,1.0058035850524902
win,17,56,9.29287338256836
win,13,32,6.064642906188965
win,13,33,5.181830406188965
win,13,77,6.824318885803223
win,24,71,13.623649597167969
win,12,58,4.6201324462890625
loss,6,84,0.5959081053733826
loss,7,66,1.1263107061386108
loss,6,31,0.4755164086818695
win,16,90,9.422998428344727
win,8,45,3.9135491847991943
win,18,96,9.81367301940918
win,11,55,6.22859525680542
draw,-100,100,1.1669143438339233
win,14,54,6.032684803009033
win,13,45,6.977636814117432
win,14,68,8.204218864440918
win,12,65,4.58687686920166
win,19,50,8.164551734924316
win,11,91,4.1520161628723145
win,13,72,5.224003314971924
win,13,66,5.060897350311279
win,11,41,4.4945855140686035
win,14,71,5.630420207977295
loss,4,72,1.1361483335494995
loss,0,22,1.134056806564331
win,13,30,5.374388694763184
win,12,41,5.952138900756836
win,21,85,11.343571662902832
loss,6,29,0.1794404834508896
win,9,22,3.488630533218384
win,14,64,8.565844535827637
win,14,43,5.5482048988342285
win,15,59,6.030599117279053
win,12,57,6.2363104820251465
loss,12,54,1.055873155593872
win,13,43,6.566104412078857
loss,9,41,0.5267003178596497
win,17,70,10.01615047454834
loss,10,78,0.37487220764160156
loss,9,47,1.0313842296600342
win,15,88,7.349645137786865
win,19,70,8.124772071838379
win,20,42,12.004451751708984
win,15,48,10.255289077758789
win,11,64,6.008299827575684
loss,6,61,0.5236963629722595
loss,13,52,0.4416748881340027
win,15,65,5.998599052429199
win,12,59,5.256594657897949
win,10,44,3.928981304168701
win,15,55,7.300307273864746
win,13,25,5.264736175537109
win,12,61,6.257379055023193
win,11,92,4.259908676147461
loss,10,60,0.08912677317857742
loss,6,54,0.15496978163719177
win,12,36,5.770200729370117
loss,3,89,0.31333497166633606
win,18,75,7.602723598480225
win,13,40,9.190786361694336
win,14,73,7.613893032073975
win,16,41,10.933621406555176
win,11,51,4.230182647705078
loss,12,63,0.21530841290950775
win,18,44,7.611569404602051
win,15,53,8.694079399108887
loss,12,44,0.03912048786878586
win,17,93,9.190021514892578
win,13,68,5.484044075012207
loss,7,53,0.21400757133960724
win,17,84,12.302410125732422
win,23,50,10.146783828735352
win,15,69,5.942469596862793
win,12,36,9.898881912231445
win,7,35,2.79661226272583
draw,-100,100,0.6502679586410522
win,11,15,4.222840309143066
win,16,29,6.521120548248291
win,16,67,6.447431564331055
loss,7,63,0.012326025404036045
win,18,34,7.581259250640869
loss,6,32,1.071999192237854
loss,8,74,0.0073098232969641685
win,12,52,4.619602680206299
win,9,61,6.823507785797119
loss,4,45,0.6019622683525085
loss,9,47,0.3742635250091553
win,11,30,9.073776245117188
win,12,29,4.830500602722168
win,15,47,6.074498176574707
win,18,59,9.921205520629883
win,15,71,6.404016494750977
loss,11,47,0.7654441595077515
loss,3,62,1.0985780954360962
loss,11,32,1.0349617004394531
win,12,54,6.3297247886657715
win,7,46,2.81205415725708
loss,11,40,0.005370008293539286
win,13,63,7.729002952575684
win,11,55,5.266310691833496
win,6,34,2.5021204948425293
win,14,52,5.6836838722229
win,19,62,8.447580337524414
loss,10,65,0.3250310719013214
win,12,68,4.574215412139893
win,8,58,5.950061321258545
win,11,76,4.206827640533447
win,9,54,3.602778196334839
win,16,60,9.822310447692871
win,14,55,7.6687211990356445
loss,10,50,1.0420101881027222
loss,6,29,0.4665674567222595
loss,2,24,0.06303603947162628
win,19,80,11.116019248962402
win,12,51,4.645390510559082
win,11,52,4.262387275695801
loss,5,37,0.3514890968799591
loss,9,49,1.0825695991516113
win,20,62,10.39411735534668
win,12,41,6.044205188751221
win,14,70,5.589248180389404
win,10,30,3.871567964553833
win,18,63,7.52258825302124
win,17,65,8.753911972045898
win,9,26,3.4991068840026855
win,17,31,7.0772175788879395
win,18,63,7.618758201599121
win,9,39,5.68251371383667
win,13,49,5.203159809112549
win,16,38,11.282164573669434
win,23,64,15.402815818786621
win,11,19,6.779275417327881
win,9,40,3.4254298210144043
loss,7,26,0.60866379737854
win,6,53,5.228302478790283
win,9,42,5.6039719581604
win,18,62,7.650083541870117
loss,7,70,0.39114633202552795
loss,7,71,1.1185147762298584
loss,6,50,0.6324779987335205
loss,7,44,0.9284595847129822
draw,-100,100,0.37247854471206665
loss,10,55,1.0453442335128784
win,17,49,12.967565536499023
win,14,58,5.532479286193848
win,10,44,6.0724263191223145
win,16,48,6.90584659576416
win,12,33,4.867879867553711
loss,9,64,1.084526777267456
win,11,51,5.544408321380615
win,9,29,6.552366733551025
win,11,27,4.290582180023193
win,15,48,7.4869160652160645
win,11,45,6.444947242736816
win,11,68,4.163728713989258
win,13,52,6.4702630043029785
win,9,42,6.010132312774658
win,18,67,9.113401412963867
win,23,70,10.439117431640625
win,12,67,4.7255730628967285
loss,13,94,0.3897075653076172
draw,-100,100,0.47055715322494507
loss,7,57,0.0033011287450790405
loss,12,47,1.006156325340271
win,10,42,3.8537492752075195
loss,6,34,0.007506608497351408
loss,3,34,0.5440011620521545
win,15,53,5.9052863121032715
win,10,34,3.9969639778137207
loss,3,33,0.5384982824325562
win,18,63,9.934341430664062
win,14,45,7.8892741203308105
loss,9,63,1.0895763635635376
draw,-100,100,0.3920561373233795
win,15,39,11.449918746948242
win,18,47,7.780758380889893
loss,6,44,0.27042433619499207
win,13,52,5.103518486022949
win,19,75,10.666141510009766
win,14,45,8.710649490356445
win,14,29,7.172828197479248
win,12,28,7.53597354888916
win,18,89,7.500442028045654
win,17,42,11.305094718933105
win,18,54,7.605187892913818
draw,-100,100,0.43449437618255615
win,21,56,11.386032104492188
loss,9,69,0.3125450015068054
win,11,58,6.236099720001221
win,15,44,10.349742889404297
win,12,33,8.122758865356445
win,12,84,6.723936557769775
win,12,46,4.591491222381592
loss,12,78,0.7833845019340515
loss,7,62,0.49352791905403137
win,15,48,6.254330635070801
loss,6,59,1.0123671293258667
win,8,34,3.134610176086426
win,14,43,7.832907676696777
win,17,55,9.710549354553223
win,9,36,3.4801573753356934
win,20,99,8.159202575683594
win,16,58,6.540751934051514
win,18,52,11.449424743652344
win,18,40,10.10262393951416
loss,9,98,0.4015522003173828
win,21,65,11.729670524597168
draw,-100,100,0.2583323121070862
loss,11,87,0.16241466999053955
win,19,57,8.425766944885254
win,8,35,3.127692937850952
loss,9,46,0.456877201795578
win,13,48,5.078619956970215
loss,15,52,1.0332884788513184
loss,9,47,1.010725498199463
loss,7,56,0.21893075108528137
loss,12,74,1.147673487663269
win,14,47,7.92672061920166
win,14,66,5.886721134185791
win,15,39,6.067843437194824
win,20,48,9.183187484741211
win,12,59,4.688003063201904
win,12,81,6.319475173950195
win,14,69,5.519275188446045
win,19,60,8.060896873474121
loss,5,46,0.7992326021194458
win,16,68,8.256488800048828
win,16,61,10.844216346740723
win,18,99,9.930473327636719
win,16,93,9.107205390930176
win,14,54,5.608962059020996
win,14,92,5.396429538726807
win,15,33,6.115302562713623
win,8,60,3.371490716934204
win,18,55,10.9041109085083
win,19,64,9.437065124511719
win,12,61,4.674933433532715
win,9,31,4.940613269805908
win,14,54,5.926213264465332
loss,12,58,0.305140882730484
win,16,55,6.514372825622559
win,16,55,12.216442108154297
loss,11,79,1.1618425846099854
win,11,43,5.48294734954834
loss,4,29,1.0530339479446411
draw,-100,100,0.20633302628993988
win,18,72,7.55430793762207
draw,-100,100,0.32086142897605896
win,10,64,3.876269578933716
loss,8,60,1.058387279510498
win,25,62,11.98123550415039
win,12,46,6.50883150100708
loss,11,63,1.0589962005615234
win,13,56,9.263528823852539
win,17,66,7.058933734893799
win,21,79,12.46384048461914
win,18,45,10.361441612243652
win,13,32,8.855566024780273
win,19,64,8.247958183288574
win,18,59,9.287931442260742
loss,5,27,0.2209431380033493
win,15,73,8.49683952331543
win,18,65,7.528589725494385
win,15,66,8.905563354492188
win,18,56,11.706990242004395
loss,9,55,0.4323508143424988
win,16,98,6.783127307891846
win,14,42,5.764093399047852
win,13,89,7.451806545257568
win,15,35,6.120121479034424
win,7,41,5.660961151123047
win,12,70,4.708517551422119
draw,-100,100,1.1177259683609009
loss,8,68,1.1242972612380981
win,12,48,4.658067226409912
win,14,36,7.6468353271484375
win,12,69,4.684375762939453
win,17,27,7.056574821472168
win,13,58,9.949662208557129
win,15,81,5.873562812805176
win,12,49,4.804713249206543
loss,13,52,0.21337297558784485
win,7,47,2.7629876136779785
win,8,38,5.288116931915283
win,16,64,6.725184440612793
loss,8,74,0.6509643197059631
win,14,60,5.5724029541015625
win,13,84,8.211054801940918
win,12,51,7.111480236053467
loss,11,61,1.003001093864441
win,19,44,11.311623573303223
loss,8,56,0.2502043545246124
loss,9,64,0.30895230174064636
win,17,84,7.03324031829834
win,9,36,3.6280012130737305
win,17,50,7.275919437408447
win,15,23,9.836191177368164
loss,9,45,0.5642134547233582
win,22,45,9.975442886352539
win,17,34,10.076887130737305
win,20,75,11.705560684204102
win,9,39,3.5313737392425537
win,12,40,4.74358606338501
win,18,74,8.710151672363281
win,21,48,10.40187931060791
win,15,76,5.893264293670654
loss,7,98,0.42268106341362
win,17,38,6.6068115234375
win,7,41,2.7529444694519043
win,19,65,11.208767890930176
win,10,36,3.8004162311553955
win,14,37,5.6360697746276855
win,10,34,4.0457634925842285
loss,8,38,1.0636417865753174
win,13,73,7.814996242523193
win,10,33,3.908418655395508
win,14,50,5.600766181945801
loss,9,34,0.5658829808235168
win,12,46,8.20567512512207
win,10,27,3.87032151222229
win,12,78,6.98728084564209
win,18,76,7.422763347625732
win,17,72,7.181675910949707
win,17,60,7.020538330078125
win,14,58,5.521193027496338
win,15,80,6.840798854827881
win,13,31,5.101753234863281
win,13,27,5.196778774261475
loss,7,55,0.40545138716697693
win,20,96,8.478330612182617
loss,10,77,1.1364977359771729
win,18,77,9.891048431396484
win,12,35,5.374213218688965
win,14,27,5.566470623016357
loss,12,55,0.4962027966976166
loss,5,75,0.04201922565698624
loss,10,56,1.0946961641311646
win,13,66,8.09666919708252
win,21,51,13.116661071777344
loss,8,75,0.45744964480400085
loss,7,44,0.3027627766132355
win,9,38,3.4997498989105225
win,18,49,7.733171463012695
win,14,23,5.481146335601807
win,9,62,6.947600841522217
win,7,17,2.76686954498291
win,20,38,8.702044486999512
win,5,21,2.2005410194396973
win,18,50,7.648593425750732
win,9,59,4.557135581970215
loss,10,80,1.0723689794540405
win,16,67,12.479578971862793
win,20,65,10.970126152038574
win,15,90,9.785215377807617
win,10,28,5.675146102905273
win,18,76,7.65973424911499
win,7,41,6.375713348388672
win,16,34,9.86584186553955
win,14,31,7.926037311553955
loss,10,65,0.6142988204956055
win,20,72,10.983752250671387
win,16,60,7.7404913902282715
win,14,62,5.7163987159729
win,19,66,8.00649356842041
win,17,54,13.291461944580078
win,16,64,6.405760288238525
win,12,28,7.673709392547607
win,19,62,8.35214900970459
win,12,37,4.354565620422363
win,12,27,4.626254558563232
loss,8,69,0.20441290736198425
win,17,65,10.118961334228516
win,15,79,7.2593512535095215
win,10,45,3.9395413398742676
